19:59:40.572 [main] INFO  org.testng.internal.Utils -- [TestNG] Running:
  C:\Users\cohen\AppData\Local\JetBrains\IdeaIC2023.3\temp-testng-customsuite.xml

19:59:51.363 [main] INFO  com.demoqa.tests.TestBase -- Stsrt test: LoginPositiveTest
19:59:51.412 [main] INFO  com.demoqa.utils.MyListener -- The locator will findBy.cssSelector: .card:nth-child(6)
19:59:51.412 [main] INFO  com.demoqa.utils.MyListener -- *******************************************
19:59:51.499 [main] INFO  com.demoqa.utils.MyListener -- The locator foundBy.cssSelector: .card:nth-child(6)
19:59:51.500 [main] INFO  com.demoqa.utils.MyListener -- ***************************************************
19:59:51.727 [main] INFO  com.demoqa.utils.MyListener -- The locator will findBy.xpath: //span[.='Login']
19:59:51.728 [main] INFO  com.demoqa.utils.MyListener -- *******************************************
19:59:51.852 [main] INFO  com.demoqa.utils.MyListener -- The locator foundBy.xpath: //span[.='Login']
19:59:51.852 [main] INFO  com.demoqa.utils.MyListener -- ***************************************************
19:59:52.122 [main] INFO  com.demoqa.utils.MyListener -- The locator will findBy.id: serName
19:59:52.123 [main] INFO  com.demoqa.utils.MyListener -- *******************************************
20:00:02.207 [main] INFO  com.demoqa.utils.MyListener -- The test has a problem
20:00:02.207 [main] INFO  com.demoqa.utils.MyListener -- ******************************************
20:00:02.212 [main] INFO  com.demoqa.utils.MyListener -- Method-->findElement
20:00:02.218 [main] INFO  com.demoqa.utils.MyListener -- *******************************************
20:00:02.229 [main] INFO  com.demoqa.utils.MyListener -- Target Exception-->org.openqa.selenium.NoSuchElementException: no such element: Unable to locate element: {"method":"css selector","selector":"#serName"}
  (Session info: chrome=136.0.7103.114)
For documentation on this error, please visit: https://www.selenium.dev/documentation/webdriver/troubleshooting/errors#no-such-element-exception
Build info: version: '4.23.0', revision: '4df0a231af'
System info: os.name: 'Windows 11', os.arch: 'amd64', os.version: '10.0', java.version: '17.0.14'
Driver info: org.openqa.selenium.chrome.ChromeDriver
Command: [7cfdd6efe8c278941ceb701f70201545, findElement {value=serName, using=id}]
Capabilities {acceptInsecureCerts: false, browserName: chrome, browserVersion: 136.0.7103.114, chrome: {chromedriverVersion: 136.0.7103.94 (fa0be0b33deb..., userDataDir: C:\Users\cohen\AppData\Loca...}, fedcm:accounts: true, goog:chromeOptions: {debuggerAddress: localhost:60676}, networkConnectionEnabled: false, pageLoadStrategy: normal, platformName: windows, proxy: Proxy(), se:cdp: ws://localhost:60676/devtoo..., se:cdpVersion: 136.0.7103.114, setWindowRect: true, strictFileInteractability: false, timeouts: {implicit: 0, pageLoad: 300000, script: 30000}, unhandledPromptBehavior: dismiss and notify, webauthn:extension:credBlob: true, webauthn:extension:largeBlob: true, webauthn:extension:minPinLength: true, webauthn:extension:prf: true, webauthn:virtualAuthenticators: true}
Session ID: 7cfdd6efe8c278941ceb701f70201545
20:00:02.230 [main] INFO  com.demoqa.utils.MyListener -- *********************************************
20:00:02.231 [main] INFO  com.demoqa.utils.MyListener -- Object target-->ChromeDriver: chrome on windows (7cfdd6efe8c278941ceb701f70201545)
20:00:02.233 [main] INFO  com.demoqa.utils.MyListener -- ***********************************************
20:00:02.666 [main] ERROR com.demoqa.tests.TestBase -- Test result: FAILED LoginPositiveTest
20:00:02.667 [main] INFO  com.demoqa.tests.TestBase -- ************************************
